Arguments: 
  /home/luka/.nvm/versions/node/v14.17.6/bin/node /usr/share/yarn/bin/yarn.js add chartjs-plugin-datalabals

PATH: 
  /home/luka/Documents/I-analyzer/I-analyzer/.env-3.8/bin:/home/luka/.nvm/versions/node/v14.17.6/bin:/home/luka/.local/bin:/usr/local/sbin:/usr/local/bin:/usr/sbin:/usr/bin:/sbin:/bin:/usr/games:/usr/local/games:/snap/bin:/lib/julia-1.7.2/bin

Yarn version: 
  1.22.19

Node version: 
  14.17.6

Platform: 
  linux x64

Trace: 
  Error: https://registry.yarnpkg.com/chartjs-plugin-datalabals: Not found
      at Request.params.callback [as _callback] (/usr/share/yarn/lib/cli.js:66145:18)
      at Request.self.callback (/usr/share/yarn/lib/cli.js:140890:22)
      at Request.emit (events.js:400:28)
      at Request.<anonymous> (/usr/share/yarn/lib/cli.js:141862:10)
      at Request.emit (events.js:400:28)
      at IncomingMessage.<anonymous> (/usr/share/yarn/lib/cli.js:141784:12)
      at Object.onceWrapper (events.js:519:28)
      at IncomingMessage.emit (events.js:412:35)
      at endReadableNT (internal/streams/readable.js:1317:12)
      at processTicksAndRejections (internal/process/task_queues.js:82:21)

npm manifest: 
  {
      "name": "i-analyzer",
      "version": "2.4.3",
      "license": "MIT",
      "scripts": {
          "postinstall": "yarn install-backend && yarn install-frontend",
          "install-backend": "cd backend && pip install -r requirements.txt --no-deps --ignore-installed",
          "install-frontend": "cd frontend && yarn install",
          "build-frontend": "cd frontend && yarn run build",
          "test-once": "cd frontend && ng test --watch=false"
      },
      "private": true,
      "devDependencies": {},
      "dependencies": {}
  }

yarn manifest: 
  No manifest

Lockfile: 
  No lockfile
